<?xml version="1.0" encoding="UTF-8"?>
<!-- Generated by org.testng.reporters.JUnitReportReporter -->
<testsuite hostname="LAPTOP-EA67ME43" failures="0" tests="1" name="orange.Practicedropdown" time="10.142" errors="0" timestamp="2024-01-17T23:25:28 IST" skipped="0">
  <testcase classname="orange.Practicedropdown" name="Dropdown" time="10.142"/>
</testsuite> <!-- orange.Practicedropdown -->
